# JRE version: Java(TM) SE Runtime Environment (8.0_102-b14) (build 1.8.0_102-b14)
# Java VM: Java HotSpot(TM) 64-Bit Server VM (25.102-b14 mixed mode linux-amd64 compressed oops)
Heap:
 PSYoungGen      total 411136K, used 32148K [0x00000000e0000000, 0x0000000100000000, 0x0000000100000000)
  eden space 362496K, 0% used [0x00000000e0000000,0x00000000e0000000,0x00000000f6200000)
  from space 48640K, 66% used [0x00000000fd080000,0x00000000fefe5050,0x0000000100000000)
  to   space 80896K, 0% used [0x00000000f6200000,0x00000000f6200000,0x00000000fb100000)
 ParOldGen       total 146432K, used 146116K [0x00000000a0000000, 0x00000000a8f00000, 0x00000000e0000000)
  object space 146432K, 99% used [0x00000000a0000000,0x00000000a8eb1240,0x00000000a8f00000)
 Metaspace       used 77634K, capacity 83746K, committed 84184K, reserved 1122304K
  class space    used 10148K, capacity 11195K, committed 11264K, reserved 1048576K
GC Heap History (10 events):
Event: 2636,583 GC heap after
Heap after GC invocations=32 (full 3):
 PSYoungGen      total 416768K, used 26740K [0x00000000e0000000, 0x00000000ffe80000, 0x0000000100000000)
  eden space 370176K, 0% used [0x00000000e0000000,0x00000000e0000000,0x00000000f6980000)
  from space 46592K, 57% used [0x00000000f6980000,0x00000000f839d220,0x00000000f9700000)
  to   space 46080K, 0% used [0x00000000fd180000,0x00000000fd180000,0x00000000ffe80000)
 ParOldGen       total 90112K, used 70591K [0x00000000a0000000, 0x00000000a5800000, 0x00000000e0000000)
  object space 90112K, 78% used [0x00000000a0000000,0x00000000a44efda0,0x00000000a5800000)
 Metaspace       used 75601K, capacity 82104K, committed 82392K, reserved 1120256K
  class space    used 10012K, capacity 11159K, committed 11264K, reserved 1048576K
}
Event: 2641,002 GC heap before
{Heap before GC invocations=33 (full 3):
 PSYoungGen      total 416768K, used 396916K [0x00000000e0000000, 0x00000000ffe80000, 0x0000000100000000)
  eden space 370176K, 100% used [0x00000000e0000000,0x00000000f6980000,0x00000000f6980000)
  from space 46592K, 57% used [0x00000000f6980000,0x00000000f839d220,0x00000000f9700000)
  to   space 46080K, 0% used [0x00000000fd180000,0x00000000fd180000,0x00000000ffe80000)
 ParOldGen       total 90112K, used 70591K [0x00000000a0000000, 0x00000000a5800000, 0x00000000e0000000)
  object space 90112K, 78% used [0x00000000a0000000,0x00000000a44efda0,0x00000000a5800000)
 Metaspace       used 75763K, capacity 82224K, committed 82392K, reserved 1120256K
  class space    used 10040K, capacity 11195K, committed 11264K, reserved 1048576K
Event: 2641,102 GC heap after
Heap after GC invocations=33 (full 3):
 PSYoungGen      total 474624K, used 20160K [0x00000000e0000000, 0x00000000ffb80000, 0x0000000100000000)
  eden space 431616K, 0% used [0x00000000e0000000,0x00000000e0000000,0x00000000fa580000)
  from space 43008K, 46% used [0x00000000fd180000,0x00000000fe530140,0x00000000ffb80000)
  to   space 44032K, 0% used [0x00000000fa580000,0x00000000fa580000,0x00000000fd080000)
 ParOldGen       total 90112K, used 84070K [0x00000000a0000000, 0x00000000a5800000, 0x00000000e0000000)
  object space 90112K, 93% used [0x00000000a0000000,0x00000000a5219a80,0x00000000a5800000)
 Metaspace       used 75763K, capacity 82224K, committed 82392K, reserved 1120256K
  class space    used 10040K, capacity 11195K, committed 11264K, reserved 1048576K
}
Event: 2641,122 GC heap before
{Heap before GC invocations=34 (full 4):
 PSYoungGen      total 474624K, used 20160K [0x00000000e0000000, 0x00000000ffb80000, 0x0000000100000000)
  eden space 431616K, 0% used [0x00000000e0000000,0x00000000e0000000,0x00000000fa580000)
  from space 43008K, 46% used [0x00000000fd180000,0x00000000fe530140,0x00000000ffb80000)
  to   space 44032K, 0% used [0x00000000fa580000,0x00000000fa580000,0x00000000fd080000)
 ParOldGen       total 90112K, used 84070K [0x00000000a0000000, 0x00000000a5800000, 0x00000000e0000000)
  object space 90112K, 93% used [0x00000000a0000000,0x00000000a5219a80,0x00000000a5800000)
 Metaspace       used 75763K, capacity 82224K, committed 82392K, reserved 1120256K
  class space    used 10040K, capacity 11195K, committed 11264K, reserved 1048576K
Event: 2641,886 GC heap after
Heap after GC invocations=34 (full 4):
 PSYoungGen      total 474624K, used 0K [0x00000000e0000000, 0x00000000ffb80000, 0x0000000100000000)
  eden space 431616K, 0% used [0x00000000e0000000,0x00000000e0000000,0x00000000fa580000)
  from space 43008K, 0% used [0x00000000fd180000,0x00000000fd180000,0x00000000ffb80000)
  to   space 44032K, 0% used [0x00000000fa580000,0x00000000fa580000,0x00000000fd080000)
 ParOldGen       total 146432K, used 72027K [0x00000000a0000000, 0x00000000a8f00000, 0x00000000e0000000)
  object space 146432K, 49% used [0x00000000a0000000,0x00000000a4656d30,0x00000000a8f00000)
 Metaspace       used 75069K, capacity 81168K, committed 82392K, reserved 1120256K
  class space    used 9905K, capacity 10960K, committed 11264K, reserved 1048576K
}
Event: 2646,080 GC heap before
{Heap before GC invocations=35 (full 4):
 PSYoungGen      total 474624K, used 431616K [0x00000000e0000000, 0x00000000ffb80000, 0x0000000100000000)
  eden space 431616K, 100% used [0x00000000e0000000,0x00000000fa580000,0x00000000fa580000)
  from space 43008K, 0% used [0x00000000fd180000,0x00000000fd180000,0x00000000ffb80000)
  to   space 44032K, 0% used [0x00000000fa580000,0x00000000fa580000,0x00000000fd080000)
 ParOldGen       total 146432K, used 72027K [0x00000000a0000000, 0x00000000a8f00000, 0x00000000e0000000)
  object space 146432K, 49% used [0x00000000a0000000,0x00000000a4656d30,0x00000000a8f00000)
 Metaspace       used 77517K, capacity 83640K, committed 83928K, reserved 1122304K
  class space    used 10151K, capacity 11200K, committed 11264K, reserved 1048576K
Event: 2646,205 GC heap after
Heap after GC invocations=35 (full 4):
 PSYoungGen      total 475648K, used 44001K [0x00000000e0000000, 0x0000000100000000, 0x0000000100000000)
  eden space 431616K, 0% used [0x00000000e0000000,0x00000000e0000000,0x00000000fa580000)
  from space 44032K, 99% used [0x00000000fa580000,0x00000000fd0784f0,0x00000000fd080000)
  to   space 48640K, 0% used [0x00000000fd080000,0x00000000fd080000,0x0000000100000000)
 ParOldGen       total 146432K, used 84398K [0x00000000a0000000, 0x00000000a8f00000, 0x00000000e0000000)
  object space 146432K, 57% used [0x00000000a0000000,0x00000000a526b938,0x00000000a8f00000)
 Metaspace       used 77517K, capacity 83640K, committed 83928K, reserved 1122304K
  class space    used 10151K, capacity 11200K, committed 11264K, reserved 1048576K
}
Event: 2647,839 GC heap before
{Heap before GC invocations=36 (full 4):
 PSYoungGen      total 475648K, used 475617K [0x00000000e0000000, 0x0000000100000000, 0x0000000100000000)
  eden space 431616K, 100% used [0x00000000e0000000,0x00000000fa580000,0x00000000fa580000)
  from space 44032K, 99% used [0x00000000fa580000,0x00000000fd0784f0,0x00000000fd080000)
  to   space 48640K, 0% used [0x00000000fd080000,0x00000000fd080000,0x0000000100000000)
 ParOldGen       total 146432K, used 84398K [0x00000000a0000000, 0x00000000a8f00000, 0x00000000e0000000)
  object space 146432K, 57% used [0x00000000a0000000,0x00000000a526b938,0x00000000a8f00000)
 Metaspace       used 77642K, capacity 83768K, committed 84184K, reserved 1122304K
  class space    used 10151K, capacity 11200K, committed 11264K, reserved 1048576K
Event: 2648,058 GC heap after
Heap after GC invocations=36 (full 4):
 PSYoungGen      total 411136K, used 48625K [0x00000000e0000000, 0x0000000100000000, 0x0000000100000000)
  eden space 362496K, 0% used [0x00000000e0000000,0x00000000e0000000,0x00000000f6200000)
  from space 48640K, 99% used [0x00000000fd080000,0x00000000ffffc690,0x0000000100000000)
  to   space 80896K, 0% used [0x00000000f6200000,0x00000000f6200000,0x00000000fb100000)
 ParOldGen       total 146432K, used 139635K [0x00000000a0000000, 0x00000000a8f00000, 0x00000000e0000000)
  object space 146432K, 95% used [0x00000000a0000000,0x00000000a885cf78,0x00000000a8f00000)
 Metaspace       used 77642K, capacity 83768K, committed 84184K, reserved 1122304K
  class space    used 10151K, capacity 11200K, committed 11264K, reserved 1048576K
}
Event: 2648,140 GC heap before
{Heap before GC invocations=37 (full 5):
 PSYoungGen      total 411136K, used 48625K [0x00000000e0000000, 0x0000000100000000, 0x0000000100000000)
  eden space 362496K, 0% used [0x00000000e0000000,0x00000000e0000000,0x00000000f6200000)
  from space 48640K, 99% used [0x00000000fd080000,0x00000000ffffc690,0x0000000100000000)
  to   space 80896K, 0% used [0x00000000f6200000,0x00000000f6200000,0x00000000fb100000)
 ParOldGen       total 146432K, used 139635K [0x00000000a0000000, 0x00000000a8f00000, 0x00000000e0000000)
  object space 146432K, 95% used [0x00000000a0000000,0x00000000a885cf78,0x00000000a8f00000)
 Metaspace       used 77642K, capacity 83768K, committed 84184K, reserved 1122304K
  class space    used 10151K, capacity 11200K, committed 11264K, reserved 1048576K

