# JRE version: Java(TM) SE Runtime Environment (8.0_102-b14) (build 1.8.0_102-b14)
# Java VM: Java HotSpot(TM) 64-Bit Server VM (25.102-b14 mixed mode linux-amd64 compressed oops)
Heap:
 PSYoungGen      total 340480K, used 37720K [0x00000000e0000000, 0x00000000fe180000, 0x0000000100000000)
  eden space 265216K, 0% used [0x00000000e0000000,0x00000000e0000000,0x00000000f0300000)
  from space 75264K, 50% used [0x00000000f0300000,0x00000000f27d6350,0x00000000f4c80000)
  to   space 95744K, 0% used [0x00000000f8400000,0x00000000f8400000,0x00000000fe180000)
 ParOldGen       total 350720K, used 350631K [0x00000000a0000000, 0x00000000b5680000, 0x00000000e0000000)
  object space 350720K, 99% used [0x00000000a0000000,0x00000000b5669c08,0x00000000b5680000)
 Metaspace       used 53707K, capacity 55400K, committed 55680K, reserved 1097728K
  class space    used 7328K, capacity 7692K, committed 7808K, reserved 1048576K
GC Heap History (10 events):
Event: 52,531 GC heap after
Heap after GC invocations=33 (full 6):
 PSYoungGen      total 283136K, used 34003K [0x00000000e0000000, 0x00000000f6580000, 0x0000000100000000)
  eden space 227840K, 0% used [0x00000000e0000000,0x00000000e0000000,0x00000000ede80000)
  from space 55296K, 61% used [0x00000000ede80000,0x00000000effb4e80,0x00000000f1480000)
  to   space 56320K, 0% used [0x00000000f2e80000,0x00000000f2e80000,0x00000000f6580000)
 ParOldGen       total 350720K, used 236272K [0x00000000a0000000, 0x00000000b5680000, 0x00000000e0000000)
  object space 350720K, 67% used [0x00000000a0000000,0x00000000ae6bc1d0,0x00000000b5680000)
 Metaspace       used 53508K, capacity 55208K, committed 55680K, reserved 1097728K
  class space    used 7328K, capacity 7692K, committed 7808K, reserved 1048576K
}
Event: 53,483 GC heap before
{Heap before GC invocations=34 (full 6):
 PSYoungGen      total 283136K, used 261843K [0x00000000e0000000, 0x00000000f6580000, 0x0000000100000000)
  eden space 227840K, 100% used [0x00000000e0000000,0x00000000ede80000,0x00000000ede80000)
  from space 55296K, 61% used [0x00000000ede80000,0x00000000effb4e80,0x00000000f1480000)
  to   space 56320K, 0% used [0x00000000f2e80000,0x00000000f2e80000,0x00000000f6580000)
 ParOldGen       total 350720K, used 236272K [0x00000000a0000000, 0x00000000b5680000, 0x00000000e0000000)
  object space 350720K, 67% used [0x00000000a0000000,0x00000000ae6bc1d0,0x00000000b5680000)
 Metaspace       used 53635K, capacity 55336K, committed 55680K, reserved 1097728K
  class space    used 7328K, capacity 7692K, committed 7808K, reserved 1048576K
Event: 53,592 GC heap after
Heap after GC invocations=34 (full 6):
 PSYoungGen      total 298496K, used 56316K [0x00000000e0000000, 0x00000000f7b80000, 0x0000000100000000)
  eden space 242176K, 0% used [0x00000000e0000000,0x00000000e0000000,0x00000000eec80000)
  from space 56320K, 99% used [0x00000000f2e80000,0x00000000f657f318,0x00000000f6580000)
  to   space 67584K, 0% used [0x00000000eec80000,0x00000000eec80000,0x00000000f2e80000)
 ParOldGen       total 350720K, used 242914K [0x00000000a0000000, 0x00000000b5680000, 0x00000000e0000000)
  object space 350720K, 69% used [0x00000000a0000000,0x00000000aed38bb0,0x00000000b5680000)
 Metaspace       used 53635K, capacity 55336K, committed 55680K, reserved 1097728K
  class space    used 7328K, capacity 7692K, committed 7808K, reserved 1048576K
}
Event: 54,143 GC heap before
{Heap before GC invocations=35 (full 6):
 PSYoungGen      total 298496K, used 298492K [0x00000000e0000000, 0x00000000f7b80000, 0x0000000100000000)
  eden space 242176K, 100% used [0x00000000e0000000,0x00000000eec80000,0x00000000eec80000)
  from space 56320K, 99% used [0x00000000f2e80000,0x00000000f657f318,0x00000000f6580000)
  to   space 67584K, 0% used [0x00000000eec80000,0x00000000eec80000,0x00000000f2e80000)
 ParOldGen       total 350720K, used 242914K [0x00000000a0000000, 0x00000000b5680000, 0x00000000e0000000)
  object space 350720K, 69% used [0x00000000a0000000,0x00000000aed38bb0,0x00000000b5680000)
 Metaspace       used 53641K, capacity 55336K, committed 55680K, reserved 1097728K
  class space    used 7328K, capacity 7692K, committed 7808K, reserved 1048576K
Event: 54,315 GC heap after
Heap after GC invocations=35 (full 6):
 PSYoungGen      total 309760K, used 33876K [0x00000000e0000000, 0x00000000f8d00000, 0x0000000100000000)
  eden space 242176K, 0% used [0x00000000e0000000,0x00000000e0000000,0x00000000eec80000)
  from space 67584K, 50% used [0x00000000eec80000,0x00000000f0d951f0,0x00000000f2e80000)
  to   space 66048K, 0% used [0x00000000f4c80000,0x00000000f4c80000,0x00000000f8d00000)
 ParOldGen       total 350720K, used 299502K [0x00000000a0000000, 0x00000000b5680000, 0x00000000e0000000)
  object space 350720K, 85% used [0x00000000a0000000,0x00000000b247b8f0,0x00000000b5680000)
 Metaspace       used 53641K, capacity 55336K, committed 55680K, reserved 1097728K
  class space    used 7328K, capacity 7692K, committed 7808K, reserved 1048576K
}
Event: 54,891 GC heap before
{Heap before GC invocations=36 (full 6):
 PSYoungGen      total 309760K, used 276052K [0x00000000e0000000, 0x00000000f8d00000, 0x0000000100000000)
  eden space 242176K, 100% used [0x00000000e0000000,0x00000000eec80000,0x00000000eec80000)
  from space 67584K, 50% used [0x00000000eec80000,0x00000000f0d951f0,0x00000000f2e80000)
  to   space 66048K, 0% used [0x00000000f4c80000,0x00000000f4c80000,0x00000000f8d00000)
 ParOldGen       total 350720K, used 299502K [0x00000000a0000000, 0x00000000b5680000, 0x00000000e0000000)
  object space 350720K, 85% used [0x00000000a0000000,0x00000000b247b8f0,0x00000000b5680000)
 Metaspace       used 53661K, capacity 55336K, committed 55680K, reserved 1097728K
  class space    used 7328K, capacity 7692K, committed 7808K, reserved 1048576K
Event: 55,004 GC heap after
Heap after GC invocations=36 (full 6):
 PSYoungGen      total 331264K, used 62976K [0x00000000e0000000, 0x00000000fa000000, 0x0000000100000000)
  eden space 265216K, 0% used [0x00000000e0000000,0x00000000e0000000,0x00000000f0300000)
  from space 66048K, 95% used [0x00000000f4c80000,0x00000000f8a00338,0x00000000f8d00000)
  to   space 75264K, 0% used [0x00000000f0300000,0x00000000f0300000,0x00000000f4c80000)
 ParOldGen       total 350720K, used 299502K [0x00000000a0000000, 0x00000000b5680000, 0x00000000e0000000)
  object space 350720K, 85% used [0x00000000a0000000,0x00000000b247b8f0,0x00000000b5680000)
 Metaspace       used 53661K, capacity 55336K, committed 55680K, reserved 1097728K
  class space    used 7328K, capacity 7692K, committed 7808K, reserved 1048576K
}
Event: 55,932 GC heap before
{Heap before GC invocations=37 (full 6):
 PSYoungGen      total 331264K, used 328192K [0x00000000e0000000, 0x00000000fa000000, 0x0000000100000000)
  eden space 265216K, 100% used [0x00000000e0000000,0x00000000f0300000,0x00000000f0300000)
  from space 66048K, 95% used [0x00000000f4c80000,0x00000000f8a00338,0x00000000f8d00000)
  to   space 75264K, 0% used [0x00000000f0300000,0x00000000f0300000,0x00000000f4c80000)
 ParOldGen       total 350720K, used 299502K [0x00000000a0000000, 0x00000000b5680000, 0x00000000e0000000)
  object space 350720K, 85% used [0x00000000a0000000,0x00000000b247b8f0,0x00000000b5680000)
 Metaspace       used 53707K, capacity 55400K, committed 55680K, reserved 1097728K
  class space    used 7328K, capacity 7692K, committed 7808K, reserved 1048576K
Event: 56,077 GC heap after
Heap after GC invocations=37 (full 6):
 PSYoungGen      total 340480K, used 75254K [0x00000000e0000000, 0x00000000fe180000, 0x0000000100000000)
  eden space 265216K, 0% used [0x00000000e0000000,0x00000000e0000000,0x00000000f0300000)
  from space 75264K, 99% used [0x00000000f0300000,0x00000000f4c7db68,0x00000000f4c80000)
  to   space 95744K, 0% used [0x00000000f8400000,0x00000000f8400000,0x00000000fe180000)
 ParOldGen       total 350720K, used 322633K [0x00000000a0000000, 0x00000000b5680000, 0x00000000e0000000)
  object space 350720K, 91% used [0x00000000a0000000,0x00000000b3b12738,0x00000000b5680000)
 Metaspace       used 53707K, capacity 55400K, committed 55680K, reserved 1097728K
  class space    used 7328K, capacity 7692K, committed 7808K, reserved 1048576K
}
Event: 56,077 GC heap before
{Heap before GC invocations=38 (full 7):
 PSYoungGen      total 340480K, used 75254K [0x00000000e0000000, 0x00000000fe180000, 0x0000000100000000)
  eden space 265216K, 0% used [0x00000000e0000000,0x00000000e0000000,0x00000000f0300000)
  from space 75264K, 99% used [0x00000000f0300000,0x00000000f4c7db68,0x00000000f4c80000)
  to   space 95744K, 0% used [0x00000000f8400000,0x00000000f8400000,0x00000000fe180000)
 ParOldGen       total 350720K, used 322633K [0x00000000a0000000, 0x00000000b5680000, 0x00000000e0000000)
  object space 350720K, 91% used [0x00000000a0000000,0x00000000b3b12738,0x00000000b5680000)
 Metaspace       used 53707K, capacity 55400K, committed 55680K, reserved 1097728K
  class space    used 7328K, capacity 7692K, committed 7808K, reserved 1048576K

